[12/24/22 00:55:31] [WARNING] mysql_connect: no password specified
[12/24/22 01:29:57] [WARNING] mysql_connect: no password specified
[12/26/22 19:35:12] [WARNING] mysql_connect: no password specified
[12/26/22 19:35:13] [ERROR] cache_get_value_name_int: field 'fSkin1' not found
[12/26/22 19:35:13] [ERROR] cache_get_value_name_int: field 'fSkin2' not found
[12/26/22 19:35:13] [ERROR] cache_get_value_name_int: field 'fSkin3' not found
[12/26/22 19:35:13] [ERROR] cache_get_value_name_int: field 'fSkin4' not found
[12/26/22 19:35:13] [ERROR] cache_get_value_name_int: field 'fSkin5' not found
[12/26/22 19:35:13] [ERROR] cache_get_value_name_int: field 'fSkin1' not found
[12/26/22 19:35:13] [ERROR] cache_get_value_name_int: field 'fSkin2' not found
[12/26/22 19:35:13] [ERROR] cache_get_value_name_int: field 'fSkin3' not found
[12/26/22 19:35:13] [ERROR] cache_get_value_name_int: field 'fSkin4' not found
[12/26/22 19:35:13] [ERROR] cache_get_value_name_int: field 'fSkin5' not found
[12/26/22 19:35:13] [ERROR] cache_get_value_name_int: field 'fSkin1' not found
[12/26/22 19:35:13] [ERROR] cache_get_value_name_int: field 'fSkin2' not found
[12/26/22 19:35:13] [ERROR] cache_get_value_name_int: field 'fSkin3' not found
[12/26/22 19:35:13] [ERROR] cache_get_value_name_int: field 'fSkin4' not found
[12/26/22 19:35:13] [ERROR] cache_get_value_name_int: field 'fSkin5' not found
[12/26/22 19:35:13] [ERROR] cache_get_value_name_int: field 'fSkin1' not found
[12/26/22 19:35:13] [ERROR] cache_get_value_name_int: field 'fSkin2' not found
[12/26/22 19:35:13] [ERROR] cache_get_value_name_int: field 'fSkin3' not found
[12/26/22 19:35:13] [ERROR] cache_get_value_name_int: field 'fSkin4' not found
[12/26/22 19:35:13] [ERROR] cache_get_value_name_int: field 'fSkin5' not found
[12/26/22 19:36:06] [WARNING] mysql_connect: no password specified
[12/26/22 19:36:06] [ERROR] cache_get_value_name_int: field 'fSkin1' not found
[12/26/22 19:36:06] [ERROR] cache_get_value_name_int: field 'fSkin2' not found
[12/26/22 19:36:06] [ERROR] cache_get_value_name_int: field 'fSkin3' not found
[12/26/22 19:36:06] [ERROR] cache_get_value_name_int: field 'fSkin4' not found
[12/26/22 19:36:06] [ERROR] cache_get_value_name_int: field 'fSkin5' not found
[12/26/22 19:36:06] [ERROR] cache_get_value_name_int: field 'fSkin1' not found
[12/26/22 19:36:06] [ERROR] cache_get_value_name_int: field 'fSkin2' not found
[12/26/22 19:36:06] [ERROR] cache_get_value_name_int: field 'fSkin3' not found
[12/26/22 19:36:06] [ERROR] cache_get_value_name_int: field 'fSkin4' not found
[12/26/22 19:36:06] [ERROR] cache_get_value_name_int: field 'fSkin5' not found
[12/26/22 19:36:06] [ERROR] cache_get_value_name_int: field 'fSkin1' not found
[12/26/22 19:36:06] [ERROR] cache_get_value_name_int: field 'fSkin2' not found
[12/26/22 19:36:06] [ERROR] cache_get_value_name_int: field 'fSkin3' not found
[12/26/22 19:36:06] [ERROR] cache_get_value_name_int: field 'fSkin4' not found
[12/26/22 19:36:06] [ERROR] cache_get_value_name_int: field 'fSkin5' not found
[12/26/22 19:36:06] [ERROR] cache_get_value_name_int: field 'fSkin1' not found
[12/26/22 19:36:06] [ERROR] cache_get_value_name_int: field 'fSkin2' not found
[12/26/22 19:36:06] [ERROR] cache_get_value_name_int: field 'fSkin3' not found
[12/26/22 19:36:06] [ERROR] cache_get_value_name_int: field 'fSkin4' not found
[12/26/22 19:36:06] [ERROR] cache_get_value_name_int: field 'fSkin5' not found
[12/26/22 19:40:05] [ERROR] cache_get_value_name: invalid row index '0' (number of rows: '0')
[12/26/22 19:40:05] [ERROR] cache_get_value_name: invalid row index '0' (number of rows: '0')
[12/26/22 19:40:05] [ERROR] cache_get_value_name_int: invalid row index '0' (number of rows: '0')
[12/26/22 19:43:26] [ERROR] cache_get_value_name_int: no active cache
[12/26/22 20:12:09] [WARNING] mysql_connect: no password specified
[12/26/22 20:13:14] [ERROR] cache_get_value_name_int: no active cache
[12/26/22 20:13:15] [ERROR] error #1146 while executing query "SELECT * FROM vtoys WHERE Owner='2675' LIMIT 1": Table 'indolast.vtoys' doesn't exist
[12/26/22 20:41:57] [WARNING] mysql_connect: no password specified
[12/26/22 20:42:52] [ERROR] cache_get_value_name_int: no active cache
[12/26/22 20:42:54] [ERROR] error #1146 while executing query "SELECT * FROM vtoys WHERE Owner='2675' LIMIT 1": Table 'indolast.vtoys' doesn't exist
[12/26/22 21:00:44] [WARNING] mysql_connect: no password specified
[12/26/22 21:01:40] [ERROR] cache_get_value_name_int: no active cache
[12/26/22 21:01:41] [ERROR] error #1146 while executing query "SELECT * FROM vtoys WHERE Owner='2675' LIMIT 1": Table 'indolast.vtoys' doesn't exist
[12/27/22 21:56:17] [WARNING] mysql_connect: no password specified
[12/27/22 21:58:32] [ERROR] cache_get_value_name_int: no active cache
[12/27/22 21:58:33] [ERROR] error #1146 while executing query "SELECT * FROM vtoys WHERE Owner='2675' LIMIT 1": Table 'indolast.vtoys' doesn't exist
